2015-08-06 17:49:50,192 INFO o.h.Version [main] HHH000412: Hibernate Core {5.0.0.CR3}
2015-08-06 17:49:50,195 INFO o.h.c.Environment [main] HHH000206: hibernate.properties not found
2015-08-06 17:49:50,197 INFO o.h.c.Environment [main] HHH000021: Bytecode provider name : javassist
2015-08-06 17:49:50,406 INFO o.h.a.c.r.j.JavaReflectionManager [main] HCANN000001: Hibernate Commons Annotations {5.0.0.Final}
2015-08-06 17:49:51,931 WARN o.h.e.j.c.i.DriverManagerConnectionProviderImpl [main] HHH000402: Using Hibernate built-in connection pool (not for production use!)
2015-08-06 17:49:51,936 INFO o.h.e.j.c.i.DriverManagerConnectionProviderImpl [main] HHH000401: using driver [com.mysql.jdbc.Driver] at URL [jdbc:mysql://localhost/forconsumer]
2015-08-06 17:49:51,937 INFO o.h.e.j.c.i.DriverManagerConnectionProviderImpl [main] HHH000046: Connection properties: {user=root, password=****}
2015-08-06 17:49:51,937 INFO o.h.e.j.c.i.DriverManagerConnectionProviderImpl [main] HHH000006: Autocommit mode: false
2015-08-06 17:49:51,938 INFO o.h.e.j.c.i.DriverManagerConnectionProviderImpl [main] HHH000115: Hibernate connection pool size: 20 (min=1)
2015-08-06 17:49:52,138 INFO o.h.d.Dialect [main] HHH000400: Using dialect: org.hibernate.dialect.MySQLDialect
2015-08-06 19:58:14,237 ERROR c.e.c.f.s.JDSpider [Thread-2] 请求失败 - http://list.jd.com/1713-3296-6950.html&stock=0&JL=6_0_0
2015-08-06 19:58:14,238 ERROR c.e.c.f.s.JDSpider [Thread-2] 获取数据失败 - http://list.jd.com/1713-3296-6950.html
2015-08-06 21:52:01,707 ERROR c.e.c.f.s.p.JDParser [Thread-1] 解析分类分页数量时出现异常 - For input string: ""
2015-08-06 21:52:01,980 ERROR c.e.c.f.s.JDSpider [Thread-1] 请求失败 - http://list.jd.com/1713-4855-4870.html&stock=0&JL=6_0_0
2015-08-06 21:52:01,981 ERROR c.e.c.f.s.JDSpider [Thread-1] 获取数据失败 - http://list.jd.com/1713-4855-4870.html
2015-08-06 22:58:52,649 ERROR c.e.c.f.s.p.JDParser [Thread-1] 解析分类分页数量时出现异常 - For input string: ""
2015-08-06 23:40:49,940 ERROR c.e.c.f.s.JDSpider [Thread-1] 请求失败 - http://list.jd.com/1713-4855-4882.html&stock=0&JL=6_0_0
2015-08-06 23:40:49,941 ERROR c.e.c.f.s.JDSpider [Thread-1] 获取数据失败 - http://list.jd.com/1713-4855-4882.html
2015-08-06 23:44:26,284 ERROR c.e.c.f.s.s.JDSeedPool [Thread-1] 程序在获取种子时出现异常 - No line found
2015-08-06 23:46:26,440 INFO o.h.Version [main] HHH000412: Hibernate Core {5.0.0.CR3}
2015-08-06 23:46:26,443 INFO o.h.c.Environment [main] HHH000206: hibernate.properties not found
2015-08-06 23:46:26,445 INFO o.h.c.Environment [main] HHH000021: Bytecode provider name : javassist
2015-08-06 23:46:26,678 INFO o.h.a.c.r.j.JavaReflectionManager [main] HCANN000001: Hibernate Commons Annotations {5.0.0.Final}
2015-08-06 23:46:27,851 WARN o.h.e.j.c.i.DriverManagerConnectionProviderImpl [main] HHH000402: Using Hibernate built-in connection pool (not for production use!)
2015-08-06 23:46:27,857 INFO o.h.e.j.c.i.DriverManagerConnectionProviderImpl [main] HHH000401: using driver [com.mysql.jdbc.Driver] at URL [jdbc:mysql://localhost/forconsumer]
2015-08-06 23:46:27,857 INFO o.h.e.j.c.i.DriverManagerConnectionProviderImpl [main] HHH000046: Connection properties: {user=root, password=****}
2015-08-06 23:46:27,857 INFO o.h.e.j.c.i.DriverManagerConnectionProviderImpl [main] HHH000006: Autocommit mode: false
2015-08-06 23:46:27,859 INFO o.h.e.j.c.i.DriverManagerConnectionProviderImpl [main] HHH000115: Hibernate connection pool size: 20 (min=1)
2015-08-06 23:46:28,063 INFO o.h.d.Dialect [main] HHH000400: Using dialect: org.hibernate.dialect.MySQLDialect
2015-08-07 00:12:02,989 ERROR c.e.c.f.s.JDSpider [Thread-2] 请求失败 - http://list.jd.com/1713-4855-4859.html&stock=0&JL=6_0_0
2015-08-07 00:12:02,990 ERROR c.e.c.f.s.JDSpider [Thread-2] 获取数据失败 - http://list.jd.com/1713-4855-4859.html
2015-08-07 02:27:51,260 ERROR c.e.c.f.s.p.JDParser [Thread-2] 解析分类分页数量时出现异常 - For input string: ""
2015-08-07 04:53:10,580 ERROR c.e.c.f.s.p.JDParser [Thread-1] 解析分类分页数量时出现异常 - For input string: ""
2015-08-07 09:17:59,221 ERROR c.e.c.f.s.s.JDSeedPool [Thread-1] 程序在获取种子时出现异常 - No line found
2015-08-07 09:26:50,313 INFO o.h.Version [main] HHH000412: Hibernate Core {5.0.0.CR3}
2015-08-07 09:26:50,331 INFO o.h.c.Environment [main] HHH000206: hibernate.properties not found
2015-08-07 09:26:50,333 INFO o.h.c.Environment [main] HHH000021: Bytecode provider name : javassist
2015-08-07 09:26:50,749 INFO o.h.a.c.r.j.JavaReflectionManager [main] HCANN000001: Hibernate Commons Annotations {5.0.0.Final}
2015-08-07 09:26:52,296 WARN o.h.e.j.c.i.DriverManagerConnectionProviderImpl [main] HHH000402: Using Hibernate built-in connection pool (not for production use!)
2015-08-07 09:26:52,330 INFO o.h.e.j.c.i.DriverManagerConnectionProviderImpl [main] HHH000401: using driver [com.mysql.jdbc.Driver] at URL [jdbc:mysql://localhost/forconsumer]
2015-08-07 09:26:52,330 INFO o.h.e.j.c.i.DriverManagerConnectionProviderImpl [main] HHH000046: Connection properties: {user=root, password=****}
2015-08-07 09:26:52,331 INFO o.h.e.j.c.i.DriverManagerConnectionProviderImpl [main] HHH000006: Autocommit mode: false
2015-08-07 09:26:52,332 INFO o.h.e.j.c.i.DriverManagerConnectionProviderImpl [main] HHH000115: Hibernate connection pool size: 20 (min=1)
2015-08-07 09:26:52,823 INFO o.h.d.Dialect [main] HHH000400: Using dialect: org.hibernate.dialect.MySQLDialect
2015-08-07 09:45:05,999 ERROR c.e.c.f.s.p.JDParser [Thread-2] 解析分类分页数量时出现异常 - For input string: ""
2015-08-07 10:36:17,177 ERROR c.e.c.f.s.s.JDSeedPool [Thread-1] 程序在获取种子时出现异常 - No line found
2015-08-07 14:02:15,497 INFO o.h.Version [main] HHH000412: Hibernate Core {5.0.0.CR3}
2015-08-07 14:02:15,516 INFO o.h.c.Environment [main] HHH000206: hibernate.properties not found
2015-08-07 14:02:15,518 INFO o.h.c.Environment [main] HHH000021: Bytecode provider name : javassist
2015-08-07 14:02:16,386 INFO o.h.a.c.r.j.JavaReflectionManager [main] HCANN000001: Hibernate Commons Annotations {5.0.0.Final}
2015-08-07 14:02:17,835 WARN o.h.e.j.c.i.DriverManagerConnectionProviderImpl [main] HHH000402: Using Hibernate built-in connection pool (not for production use!)
2015-08-07 14:02:17,869 INFO o.h.e.j.c.i.DriverManagerConnectionProviderImpl [main] HHH000401: using driver [com.mysql.jdbc.Driver] at URL [jdbc:mysql://localhost/forconsumer]
2015-08-07 14:02:17,870 INFO o.h.e.j.c.i.DriverManagerConnectionProviderImpl [main] HHH000046: Connection properties: {user=root, password=****}
2015-08-07 14:02:17,870 INFO o.h.e.j.c.i.DriverManagerConnectionProviderImpl [main] HHH000006: Autocommit mode: false
2015-08-07 14:02:17,871 INFO o.h.e.j.c.i.DriverManagerConnectionProviderImpl [main] HHH000115: Hibernate connection pool size: 20 (min=1)
2015-08-07 14:02:18,350 INFO o.h.d.Dialect [main] HHH000400: Using dialect: org.hibernate.dialect.MySQLDialect
2015-08-07 15:27:40,863 ERROR c.e.c.f.s.p.JDParser [Thread-2] 解析分类分页数量时出现异常 - For input string: ""
2015-08-07 16:18:43,591 ERROR c.e.c.f.s.s.JDSeedPool [Thread-2] 程序在获取种子时出现异常 - No line found
2015-08-07 16:19:17,456 INFO o.h.Version [main] HHH000412: Hibernate Core {5.0.0.CR3}
2015-08-07 16:19:17,460 INFO o.h.c.Environment [main] HHH000206: hibernate.properties not found
2015-08-07 16:19:17,462 INFO o.h.c.Environment [main] HHH000021: Bytecode provider name : javassist
2015-08-07 16:19:17,692 INFO o.h.a.c.r.j.JavaReflectionManager [main] HCANN000001: Hibernate Commons Annotations {5.0.0.Final}
2015-08-07 16:19:19,225 WARN o.h.e.j.c.i.DriverManagerConnectionProviderImpl [main] HHH000402: Using Hibernate built-in connection pool (not for production use!)
2015-08-07 16:19:19,230 INFO o.h.e.j.c.i.DriverManagerConnectionProviderImpl [main] HHH000401: using driver [com.mysql.jdbc.Driver] at URL [jdbc:mysql://localhost/forconsumer]
2015-08-07 16:19:19,231 INFO o.h.e.j.c.i.DriverManagerConnectionProviderImpl [main] HHH000046: Connection properties: {user=root, password=****}
2015-08-07 16:19:19,231 INFO o.h.e.j.c.i.DriverManagerConnectionProviderImpl [main] HHH000006: Autocommit mode: false
2015-08-07 16:19:19,232 INFO o.h.e.j.c.i.DriverManagerConnectionProviderImpl [main] HHH000115: Hibernate connection pool size: 20 (min=1)
2015-08-07 16:19:19,452 INFO o.h.d.Dialect [main] HHH000400: Using dialect: org.hibernate.dialect.MySQLDialect
2015-08-07 19:10:06,919 ERROR c.e.c.f.s.s.JDSeedPool [Thread-2] 程序在获取种子时出现异常 - No line found
2015-08-09 22:16:48,331 INFO o.h.Version [Thread-0] HHH000412: Hibernate Core {5.0.0.CR3}
2015-08-09 22:16:48,339 INFO o.h.c.Environment [Thread-0] HHH000206: hibernate.properties not found
2015-08-09 22:16:48,342 INFO o.h.c.Environment [Thread-0] HHH000021: Bytecode provider name : javassist
2015-08-09 22:16:49,073 INFO o.h.a.c.r.j.JavaReflectionManager [Thread-0] HCANN000001: Hibernate Commons Annotations {5.0.0.Final}
2015-08-09 22:17:00,758 WARN o.h.e.j.c.i.DriverManagerConnectionProviderImpl [Thread-0] HHH000402: Using Hibernate built-in connection pool (not for production use!)
2015-08-09 22:17:00,799 INFO o.h.e.j.c.i.DriverManagerConnectionProviderImpl [Thread-0] HHH000401: using driver [com.mysql.jdbc.Driver] at URL [jdbc:mysql://localhost/forconsumer]
2015-08-09 22:17:00,803 INFO o.h.e.j.c.i.DriverManagerConnectionProviderImpl [Thread-0] HHH000046: Connection properties: {user=root, password=****}
2015-08-09 22:17:00,806 INFO o.h.e.j.c.i.DriverManagerConnectionProviderImpl [Thread-0] HHH000006: Autocommit mode: false
2015-08-09 22:17:00,813 INFO o.h.e.j.c.i.DriverManagerConnectionProviderImpl [Thread-0] HHH000115: Hibernate connection pool size: 20 (min=1)
2015-08-09 22:17:01,454 INFO o.h.d.Dialect [Thread-0] HHH000400: Using dialect: org.hibernate.dialect.MySQLDialect
2015-08-09 22:20:04,307 INFO o.h.Version [Thread-0] HHH000412: Hibernate Core {5.0.0.CR3}
2015-08-09 22:20:04,315 INFO o.h.c.Environment [Thread-0] HHH000206: hibernate.properties not found
2015-08-09 22:20:04,318 INFO o.h.c.Environment [Thread-0] HHH000021: Bytecode provider name : javassist
2015-08-09 22:20:04,899 INFO o.h.a.c.r.j.JavaReflectionManager [Thread-0] HCANN000001: Hibernate Commons Annotations {5.0.0.Final}
2015-08-09 22:20:16,501 WARN o.h.e.j.c.i.DriverManagerConnectionProviderImpl [Thread-0] HHH000402: Using Hibernate built-in connection pool (not for production use!)
2015-08-09 22:20:16,514 INFO o.h.e.j.c.i.DriverManagerConnectionProviderImpl [Thread-0] HHH000401: using driver [com.mysql.jdbc.Driver] at URL [jdbc:mysql://localhost/forconsumer]
2015-08-09 22:20:16,516 INFO o.h.e.j.c.i.DriverManagerConnectionProviderImpl [Thread-0] HHH000046: Connection properties: {user=root, password=****}
2015-08-09 22:20:16,518 INFO o.h.e.j.c.i.DriverManagerConnectionProviderImpl [Thread-0] HHH000006: Autocommit mode: false
2015-08-09 22:20:16,524 INFO o.h.e.j.c.i.DriverManagerConnectionProviderImpl [Thread-0] HHH000115: Hibernate connection pool size: 20 (min=1)
2015-08-09 22:20:17,022 INFO o.h.d.Dialect [Thread-0] HHH000400: Using dialect: org.hibernate.dialect.MySQLDialect
2015-08-09 22:25:12,173 INFO o.h.Version [Thread-0] HHH000412: Hibernate Core {5.0.0.CR3}
2015-08-09 22:25:12,177 INFO o.h.c.Environment [Thread-0] HHH000206: hibernate.properties not found
2015-08-09 22:25:12,178 INFO o.h.c.Environment [Thread-0] HHH000021: Bytecode provider name : javassist
2015-08-09 22:25:12,410 INFO o.h.a.c.r.j.JavaReflectionManager [Thread-0] HCANN000001: Hibernate Commons Annotations {5.0.0.Final}
2015-08-09 22:25:13,884 WARN o.h.e.j.c.i.DriverManagerConnectionProviderImpl [Thread-0] HHH000402: Using Hibernate built-in connection pool (not for production use!)
2015-08-09 22:25:13,889 INFO o.h.e.j.c.i.DriverManagerConnectionProviderImpl [Thread-0] HHH000401: using driver [com.mysql.jdbc.Driver] at URL [jdbc:mysql://localhost/forconsumer]
2015-08-09 22:25:13,890 INFO o.h.e.j.c.i.DriverManagerConnectionProviderImpl [Thread-0] HHH000046: Connection properties: {user=root, password=****}
2015-08-09 22:25:13,890 INFO o.h.e.j.c.i.DriverManagerConnectionProviderImpl [Thread-0] HHH000006: Autocommit mode: false
2015-08-09 22:25:13,891 INFO o.h.e.j.c.i.DriverManagerConnectionProviderImpl [Thread-0] HHH000115: Hibernate connection pool size: 20 (min=1)
2015-08-09 22:25:14,112 INFO o.h.d.Dialect [Thread-0] HHH000400: Using dialect: org.hibernate.dialect.MySQLDialect
2015-08-09 22:26:42,956 INFO o.h.Version [Thread-0] HHH000412: Hibernate Core {5.0.0.CR3}
2015-08-09 22:26:42,959 INFO o.h.c.Environment [Thread-0] HHH000206: hibernate.properties not found
2015-08-09 22:26:42,961 INFO o.h.c.Environment [Thread-0] HHH000021: Bytecode provider name : javassist
2015-08-09 22:26:43,185 INFO o.h.a.c.r.j.JavaReflectionManager [Thread-0] HCANN000001: Hibernate Commons Annotations {5.0.0.Final}
2015-08-09 22:26:45,131 WARN o.h.e.j.c.i.DriverManagerConnectionProviderImpl [Thread-0] HHH000402: Using Hibernate built-in connection pool (not for production use!)
2015-08-09 22:26:45,137 INFO o.h.e.j.c.i.DriverManagerConnectionProviderImpl [Thread-0] HHH000401: using driver [com.mysql.jdbc.Driver] at URL [jdbc:mysql://localhost/forconsumer]
2015-08-09 22:26:45,137 INFO o.h.e.j.c.i.DriverManagerConnectionProviderImpl [Thread-0] HHH000046: Connection properties: {user=root, password=****}
2015-08-09 22:26:45,138 INFO o.h.e.j.c.i.DriverManagerConnectionProviderImpl [Thread-0] HHH000006: Autocommit mode: false
2015-08-09 22:26:45,139 INFO o.h.e.j.c.i.DriverManagerConnectionProviderImpl [Thread-0] HHH000115: Hibernate connection pool size: 20 (min=1)
2015-08-09 22:26:45,364 INFO o.h.d.Dialect [Thread-0] HHH000400: Using dialect: org.hibernate.dialect.MySQLDialect
2015-08-09 22:32:41,994 INFO o.h.Version [Thread-0] HHH000412: Hibernate Core {5.0.0.CR3}
2015-08-09 22:32:41,997 INFO o.h.c.Environment [Thread-0] HHH000206: hibernate.properties not found
2015-08-09 22:32:41,999 INFO o.h.c.Environment [Thread-0] HHH000021: Bytecode provider name : javassist
2015-08-09 22:32:42,224 INFO o.h.a.c.r.j.JavaReflectionManager [Thread-0] HCANN000001: Hibernate Commons Annotations {5.0.0.Final}
2015-08-09 22:32:44,252 WARN o.h.e.j.c.i.DriverManagerConnectionProviderImpl [Thread-0] HHH000402: Using Hibernate built-in connection pool (not for production use!)
2015-08-09 22:32:44,258 INFO o.h.e.j.c.i.DriverManagerConnectionProviderImpl [Thread-0] HHH000401: using driver [com.mysql.jdbc.Driver] at URL [jdbc:mysql://localhost/forconsumer]
2015-08-09 22:32:44,258 INFO o.h.e.j.c.i.DriverManagerConnectionProviderImpl [Thread-0] HHH000046: Connection properties: {user=root, password=****}
2015-08-09 22:32:44,259 INFO o.h.e.j.c.i.DriverManagerConnectionProviderImpl [Thread-0] HHH000006: Autocommit mode: false
2015-08-09 22:32:44,260 INFO o.h.e.j.c.i.DriverManagerConnectionProviderImpl [Thread-0] HHH000115: Hibernate connection pool size: 20 (min=1)
2015-08-09 22:32:44,483 INFO o.h.d.Dialect [Thread-0] HHH000400: Using dialect: org.hibernate.dialect.MySQLDialect
2015-08-09 22:33:34,534 INFO o.h.Version [Thread-0] HHH000412: Hibernate Core {5.0.0.CR3}
2015-08-09 22:33:34,538 INFO o.h.c.Environment [Thread-0] HHH000206: hibernate.properties not found
2015-08-09 22:33:34,540 INFO o.h.c.Environment [Thread-0] HHH000021: Bytecode provider name : javassist
2015-08-09 22:33:34,797 INFO o.h.a.c.r.j.JavaReflectionManager [Thread-0] HCANN000001: Hibernate Commons Annotations {5.0.0.Final}
2015-08-09 22:33:36,773 WARN o.h.e.j.c.i.DriverManagerConnectionProviderImpl [Thread-0] HHH000402: Using Hibernate built-in connection pool (not for production use!)
2015-08-09 22:33:36,779 INFO o.h.e.j.c.i.DriverManagerConnectionProviderImpl [Thread-0] HHH000401: using driver [com.mysql.jdbc.Driver] at URL [jdbc:mysql://localhost/forconsumer]
2015-08-09 22:33:36,779 INFO o.h.e.j.c.i.DriverManagerConnectionProviderImpl [Thread-0] HHH000046: Connection properties: {user=root, password=****}
2015-08-09 22:33:36,779 INFO o.h.e.j.c.i.DriverManagerConnectionProviderImpl [Thread-0] HHH000006: Autocommit mode: false
2015-08-09 22:33:36,781 INFO o.h.e.j.c.i.DriverManagerConnectionProviderImpl [Thread-0] HHH000115: Hibernate connection pool size: 20 (min=1)
2015-08-09 22:33:37,008 INFO o.h.d.Dialect [Thread-0] HHH000400: Using dialect: org.hibernate.dialect.MySQLDialect
2015-08-09 22:34:54,231 INFO o.h.Version [Thread-0] HHH000412: Hibernate Core {5.0.0.CR3}
2015-08-09 22:34:54,235 INFO o.h.c.Environment [Thread-0] HHH000206: hibernate.properties not found
2015-08-09 22:34:54,237 INFO o.h.c.Environment [Thread-0] HHH000021: Bytecode provider name : javassist
2015-08-09 22:34:54,491 INFO o.h.a.c.r.j.JavaReflectionManager [Thread-0] HCANN000001: Hibernate Commons Annotations {5.0.0.Final}
2015-08-09 22:34:56,447 WARN o.h.e.j.c.i.DriverManagerConnectionProviderImpl [Thread-0] HHH000402: Using Hibernate built-in connection pool (not for production use!)
2015-08-09 22:34:56,453 INFO o.h.e.j.c.i.DriverManagerConnectionProviderImpl [Thread-0] HHH000401: using driver [com.mysql.jdbc.Driver] at URL [jdbc:mysql://localhost/forconsumer]
2015-08-09 22:34:56,453 INFO o.h.e.j.c.i.DriverManagerConnectionProviderImpl [Thread-0] HHH000046: Connection properties: {user=root, password=****}
2015-08-09 22:34:56,453 INFO o.h.e.j.c.i.DriverManagerConnectionProviderImpl [Thread-0] HHH000006: Autocommit mode: false
2015-08-09 22:34:56,455 INFO o.h.e.j.c.i.DriverManagerConnectionProviderImpl [Thread-0] HHH000115: Hibernate connection pool size: 20 (min=1)
2015-08-09 22:34:56,683 INFO o.h.d.Dialect [Thread-0] HHH000400: Using dialect: org.hibernate.dialect.MySQLDialect
2015-08-09 22:35:26,379 INFO o.h.Version [Thread-0] HHH000412: Hibernate Core {5.0.0.CR3}
2015-08-09 22:35:26,381 INFO o.h.c.Environment [Thread-0] HHH000206: hibernate.properties not found
2015-08-09 22:35:26,383 INFO o.h.c.Environment [Thread-0] HHH000021: Bytecode provider name : javassist
2015-08-09 22:35:26,630 INFO o.h.a.c.r.j.JavaReflectionManager [Thread-0] HCANN000001: Hibernate Commons Annotations {5.0.0.Final}
2015-08-09 22:35:28,558 WARN o.h.e.j.c.i.DriverManagerConnectionProviderImpl [Thread-0] HHH000402: Using Hibernate built-in connection pool (not for production use!)
2015-08-09 22:35:28,564 INFO o.h.e.j.c.i.DriverManagerConnectionProviderImpl [Thread-0] HHH000401: using driver [com.mysql.jdbc.Driver] at URL [jdbc:mysql://localhost/forconsumer]
2015-08-09 22:35:28,565 INFO o.h.e.j.c.i.DriverManagerConnectionProviderImpl [Thread-0] HHH000046: Connection properties: {user=root, password=****}
2015-08-09 22:35:28,565 INFO o.h.e.j.c.i.DriverManagerConnectionProviderImpl [Thread-0] HHH000006: Autocommit mode: false
2015-08-09 22:35:28,567 INFO o.h.e.j.c.i.DriverManagerConnectionProviderImpl [Thread-0] HHH000115: Hibernate connection pool size: 20 (min=1)
2015-08-09 22:35:28,781 INFO o.h.d.Dialect [Thread-0] HHH000400: Using dialect: org.hibernate.dialect.MySQLDialect
2015-08-09 22:36:02,080 INFO o.h.Version [Thread-0] HHH000412: Hibernate Core {5.0.0.CR3}
2015-08-09 22:36:02,084 INFO o.h.c.Environment [Thread-0] HHH000206: hibernate.properties not found
2015-08-09 22:36:02,086 INFO o.h.c.Environment [Thread-0] HHH000021: Bytecode provider name : javassist
2015-08-09 22:36:02,325 INFO o.h.a.c.r.j.JavaReflectionManager [Thread-0] HCANN000001: Hibernate Commons Annotations {5.0.0.Final}
2015-08-09 22:36:03,881 WARN o.h.e.j.c.i.DriverManagerConnectionProviderImpl [Thread-0] HHH000402: Using Hibernate built-in connection pool (not for production use!)
2015-08-09 22:36:03,888 INFO o.h.e.j.c.i.DriverManagerConnectionProviderImpl [Thread-0] HHH000401: using driver [com.mysql.jdbc.Driver] at URL [jdbc:mysql://localhost/forconsumer]
2015-08-09 22:36:03,889 INFO o.h.e.j.c.i.DriverManagerConnectionProviderImpl [Thread-0] HHH000046: Connection properties: {user=root, password=****}
2015-08-09 22:36:03,889 INFO o.h.e.j.c.i.DriverManagerConnectionProviderImpl [Thread-0] HHH000006: Autocommit mode: false
2015-08-09 22:36:03,892 INFO o.h.e.j.c.i.DriverManagerConnectionProviderImpl [Thread-0] HHH000115: Hibernate connection pool size: 20 (min=1)
2015-08-09 22:36:04,118 INFO o.h.d.Dialect [Thread-0] HHH000400: Using dialect: org.hibernate.dialect.MySQLDialect
2015-08-09 22:36:28,706 INFO o.h.Version [Thread-0] HHH000412: Hibernate Core {5.0.0.CR3}
2015-08-09 22:36:28,708 INFO o.h.c.Environment [Thread-0] HHH000206: hibernate.properties not found
2015-08-09 22:36:28,710 INFO o.h.c.Environment [Thread-0] HHH000021: Bytecode provider name : javassist
2015-08-09 22:36:28,962 INFO o.h.a.c.r.j.JavaReflectionManager [Thread-0] HCANN000001: Hibernate Commons Annotations {5.0.0.Final}
2015-08-09 22:36:30,811 WARN o.h.e.j.c.i.DriverManagerConnectionProviderImpl [Thread-0] HHH000402: Using Hibernate built-in connection pool (not for production use!)
2015-08-09 22:36:30,817 INFO o.h.e.j.c.i.DriverManagerConnectionProviderImpl [Thread-0] HHH000401: using driver [com.mysql.jdbc.Driver] at URL [jdbc:mysql://localhost/forconsumer]
2015-08-09 22:36:30,818 INFO o.h.e.j.c.i.DriverManagerConnectionProviderImpl [Thread-0] HHH000046: Connection properties: {user=root, password=****}
2015-08-09 22:36:30,818 INFO o.h.e.j.c.i.DriverManagerConnectionProviderImpl [Thread-0] HHH000006: Autocommit mode: false
2015-08-09 22:36:30,821 INFO o.h.e.j.c.i.DriverManagerConnectionProviderImpl [Thread-0] HHH000115: Hibernate connection pool size: 20 (min=1)
2015-08-09 22:36:31,032 INFO o.h.d.Dialect [Thread-0] HHH000400: Using dialect: org.hibernate.dialect.MySQLDialect
2015-08-09 22:42:15,220 INFO o.h.Version [Thread-0] HHH000412: Hibernate Core {5.0.0.CR3}
2015-08-09 22:42:15,223 INFO o.h.c.Environment [Thread-0] HHH000206: hibernate.properties not found
2015-08-09 22:42:15,225 INFO o.h.c.Environment [Thread-0] HHH000021: Bytecode provider name : javassist
2015-08-09 22:42:15,445 INFO o.h.a.c.r.j.JavaReflectionManager [Thread-0] HCANN000001: Hibernate Commons Annotations {5.0.0.Final}
2015-08-09 22:42:17,011 WARN o.h.e.j.c.i.DriverManagerConnectionProviderImpl [Thread-0] HHH000402: Using Hibernate built-in connection pool (not for production use!)
2015-08-09 22:42:17,017 INFO o.h.e.j.c.i.DriverManagerConnectionProviderImpl [Thread-0] HHH000401: using driver [com.mysql.jdbc.Driver] at URL [jdbc:mysql://localhost/forconsumer]
2015-08-09 22:42:17,018 INFO o.h.e.j.c.i.DriverManagerConnectionProviderImpl [Thread-0] HHH000046: Connection properties: {user=root, password=****}
2015-08-09 22:42:17,018 INFO o.h.e.j.c.i.DriverManagerConnectionProviderImpl [Thread-0] HHH000006: Autocommit mode: false
2015-08-09 22:42:17,020 INFO o.h.e.j.c.i.DriverManagerConnectionProviderImpl [Thread-0] HHH000115: Hibernate connection pool size: 20 (min=1)
2015-08-09 22:42:17,244 INFO o.h.d.Dialect [Thread-0] HHH000400: Using dialect: org.hibernate.dialect.MySQLDialect
2015-08-09 23:08:59,301 INFO o.h.Version [Thread-0] HHH000412: Hibernate Core {5.0.0.CR3}
2015-08-09 23:08:59,304 INFO o.h.c.Environment [Thread-0] HHH000206: hibernate.properties not found
2015-08-09 23:08:59,305 INFO o.h.c.Environment [Thread-0] HHH000021: Bytecode provider name : javassist
2015-08-09 23:08:59,544 INFO o.h.a.c.r.j.JavaReflectionManager [Thread-0] HCANN000001: Hibernate Commons Annotations {5.0.0.Final}
2015-08-09 23:09:01,372 WARN o.h.e.j.c.i.DriverManagerConnectionProviderImpl [Thread-0] HHH000402: Using Hibernate built-in connection pool (not for production use!)
2015-08-09 23:09:01,378 INFO o.h.e.j.c.i.DriverManagerConnectionProviderImpl [Thread-0] HHH000401: using driver [com.mysql.jdbc.Driver] at URL [jdbc:mysql://localhost/forconsumer]
2015-08-09 23:09:01,379 INFO o.h.e.j.c.i.DriverManagerConnectionProviderImpl [Thread-0] HHH000046: Connection properties: {user=root, password=****}
2015-08-09 23:09:01,379 INFO o.h.e.j.c.i.DriverManagerConnectionProviderImpl [Thread-0] HHH000006: Autocommit mode: false
2015-08-09 23:09:01,382 INFO o.h.e.j.c.i.DriverManagerConnectionProviderImpl [Thread-0] HHH000115: Hibernate connection pool size: 20 (min=1)
2015-08-09 23:09:01,589 INFO o.h.d.Dialect [Thread-0] HHH000400: Using dialect: org.hibernate.dialect.MySQLDialect
2015-08-09 23:28:45,387 INFO o.h.Version [Thread-0] HHH000412: Hibernate Core {5.0.0.CR3}
2015-08-09 23:28:45,390 INFO o.h.c.Environment [Thread-0] HHH000206: hibernate.properties not found
2015-08-09 23:28:45,391 INFO o.h.c.Environment [Thread-0] HHH000021: Bytecode provider name : javassist
2015-08-09 23:28:45,603 INFO o.h.a.c.r.j.JavaReflectionManager [Thread-0] HCANN000001: Hibernate Commons Annotations {5.0.0.Final}
2015-08-09 23:28:47,148 WARN o.h.e.j.c.i.DriverManagerConnectionProviderImpl [Thread-0] HHH000402: Using Hibernate built-in connection pool (not for production use!)
2015-08-09 23:28:47,153 INFO o.h.e.j.c.i.DriverManagerConnectionProviderImpl [Thread-0] HHH000401: using driver [com.mysql.jdbc.Driver] at URL [jdbc:mysql://localhost/forconsumer]
2015-08-09 23:28:47,154 INFO o.h.e.j.c.i.DriverManagerConnectionProviderImpl [Thread-0] HHH000046: Connection properties: {user=root, password=****}
2015-08-09 23:28:47,154 INFO o.h.e.j.c.i.DriverManagerConnectionProviderImpl [Thread-0] HHH000006: Autocommit mode: false
2015-08-09 23:28:47,156 INFO o.h.e.j.c.i.DriverManagerConnectionProviderImpl [Thread-0] HHH000115: Hibernate connection pool size: 20 (min=1)
2015-08-09 23:28:47,381 INFO o.h.d.Dialect [Thread-0] HHH000400: Using dialect: org.hibernate.dialect.MySQLDialect
2015-08-09 23:29:53,901 ERROR c.e.c.f.s.h.DBManager [Thread-0] A different object with the same identifier value was already associated with the session : [cn.edu.cqnu.forconsumer.spider.model.Price#]
2015-08-09 23:32:16,517 INFO o.h.Version [Thread-0] HHH000412: Hibernate Core {5.0.0.CR3}
2015-08-09 23:32:16,521 INFO o.h.c.Environment [Thread-0] HHH000206: hibernate.properties not found
2015-08-09 23:32:16,524 INFO o.h.c.Environment [Thread-0] HHH000021: Bytecode provider name : javassist
2015-08-09 23:32:16,767 INFO o.h.a.c.r.j.JavaReflectionManager [Thread-0] HCANN000001: Hibernate Commons Annotations {5.0.0.Final}
2015-08-09 23:32:18,792 WARN o.h.e.j.c.i.DriverManagerConnectionProviderImpl [Thread-0] HHH000402: Using Hibernate built-in connection pool (not for production use!)
2015-08-09 23:32:18,798 INFO o.h.e.j.c.i.DriverManagerConnectionProviderImpl [Thread-0] HHH000401: using driver [com.mysql.jdbc.Driver] at URL [jdbc:mysql://localhost/forconsumer]
2015-08-09 23:32:18,799 INFO o.h.e.j.c.i.DriverManagerConnectionProviderImpl [Thread-0] HHH000046: Connection properties: {user=root, password=****}
2015-08-09 23:32:18,799 INFO o.h.e.j.c.i.DriverManagerConnectionProviderImpl [Thread-0] HHH000006: Autocommit mode: false
2015-08-09 23:32:18,801 INFO o.h.e.j.c.i.DriverManagerConnectionProviderImpl [Thread-0] HHH000115: Hibernate connection pool size: 20 (min=1)
2015-08-09 23:32:19,018 INFO o.h.d.Dialect [Thread-0] HHH000400: Using dialect: org.hibernate.dialect.MySQLDialect
